TN:
SF:src/CrediFiProtocol.sol
DA:67,50
FN:67,CrediFiProtocol.notBlacklisted
FNDA:50,CrediFiProtocol.notBlacklisted
DA:68,50
BRDA:68,0,0,-
BRDA:68,0,1,50
DA:72,224
FN:72,CrediFiProtocol.validAsset
FNDA:224,CrediFiProtocol.validAsset
DA:73,224
BRDA:73,1,0,1
BRDA:73,1,1,5
DA:81,70
FN:81,CrediFiProtocol.constructor
FNDA:70,CrediFiProtocol.constructor
DA:82,70
DA:83,70
DA:85,70
DA:86,70
DA:87,70
DA:89,70
DA:90,70
DA:91,70
DA:93,70
DA:94,70
DA:95,70
DA:107,225
FN:107,CrediFiProtocol.deposit
FNDA:225,CrediFiProtocol.deposit
DA:108,223
DA:110,223
BRDA:110,2,0,79
BRDA:110,2,1,142
DA:111,79
BRDA:111,3,0,1
BRDA:111,3,1,78
DA:112,78
BRDA:112,4,0,1
BRDA:112,4,1,77
DA:113,77
DA:115,144
BRDA:115,5,0,1
BRDA:115,5,1,143
DA:116,143
BRDA:116,6,0,1
BRDA:116,6,1,142
DA:118,142
DA:119,142
DA:122,219
DA:123,219
DA:125,219
DA:133,6
FN:133,CrediFiProtocol.withdraw
FNDA:6,CrediFiProtocol.withdraw
DA:134,5
BRDA:134,7,0,1
BRDA:134,7,1,4
DA:136,4
DA:137,3
DA:138,3
BRDA:138,8,0,-
BRDA:138,8,1,3
DA:140,3
DA:142,3
BRDA:142,9,0,1
BRDA:142,9,1,2
DA:143,1
DA:145,2
DA:148,3
DA:155,51
FN:155,CrediFiProtocol.borrow
FNDA:51,CrediFiProtocol.borrow
DA:169,49
DA:170,49
BRDA:170,10,0,1
BRDA:170,10,1,48
DA:172,48
BRDA:172,11,0,1
BRDA:172,11,1,47
DA:178,47
DA:186,47
BRDA:186,12,0,46
BRDA:186,12,1,45
DA:187,46
DA:188,46
BRDA:188,13,0,1
BRDA:188,13,1,45
DA:191,1
DA:194,45
DA:195,45
BRDA:195,14,0,1
BRDA:195,14,1,44
DA:197,44
BRDA:197,15,0,39
BRDA:197,15,1,5
DA:198,39
BRDA:198,16,0,-
BRDA:198,16,1,39
DA:200,5
DA:203,44
DA:205,44
DA:219,44
DA:220,44
DA:222,44
BRDA:222,17,0,39
BRDA:222,17,1,5
DA:223,39
DA:225,5
DA:228,44
DA:239,30
FN:239,CrediFiProtocol.repay
FNDA:30,CrediFiProtocol.repay
DA:240,30
BRDA:240,18,0,1
BRDA:240,18,1,29
DA:242,29
DA:243,29
BRDA:243,19,0,1
BRDA:243,19,1,28
DA:244,28
BRDA:244,20,0,1
BRDA:244,20,1,27
DA:246,27
DA:247,27
DA:248,27
DA:250,27
DA:252,27
BRDA:252,21,0,26
BRDA:252,21,1,1
DA:253,26
BRDA:253,22,0,-
BRDA:253,22,1,26
DA:254,26
BRDA:254,23,0,-
DA:255,0
DA:258,1
DA:261,27
DA:262,27
DA:264,27
BRDA:264,24,0,-
BRDA:264,24,1,27
DA:265,0
DA:266,0
DA:268,27
DA:269,27
DA:270,27
DA:271,27
DA:274,27
BRDA:274,25,0,27
DA:275,27
DA:278,27
BRDA:278,26,0,27
DA:279,27
DA:282,27
DA:284,25
BRDA:284,27,0,25
BRDA:284,27,1,2
DA:285,25
BRDA:285,28,0,24
BRDA:285,28,1,1
DA:286,24
DA:288,1
DA:291,25
DA:293,25
DA:295,23
BRDA:295,29,0,23
BRDA:295,29,1,2
DA:296,23
DA:297,23
DA:299,2
DA:300,2
DA:303,25
DA:305,2
DA:308,27
DA:311,7
FN:311,CrediFiProtocol.liquidate
FNDA:7,CrediFiProtocol.liquidate
DA:312,7
BRDA:312,30,0,1
BRDA:312,30,1,6
DA:314,6
DA:315,6
BRDA:315,31,0,1
BRDA:315,31,1,5
DA:316,5
BRDA:316,32,0,1
BRDA:316,32,1,4
DA:323,4
DA:324,4
DA:325,4
DA:327,4
BRDA:327,33,0,2
BRDA:327,33,1,2
DA:328,2
BRDA:328,34,0,-
BRDA:328,34,1,2
DA:329,2
BRDA:329,35,0,-
DA:330,0
DA:333,2
DA:336,4
DA:338,4
DA:340,4
BRDA:340,36,0,2
BRDA:340,36,1,2
DA:341,2
DA:343,2
DA:346,4
DA:347,4
DA:349,4
DA:351,4
DA:365,5
FN:365,CrediFiProtocol.addSupportedAsset
FNDA:5,CrediFiProtocol.addSupportedAsset
DA:374,4
BRDA:374,37,0,1
BRDA:374,37,1,3
DA:375,3
BRDA:375,38,0,1
BRDA:375,38,1,2
DA:376,2
BRDA:376,39,0,-
BRDA:376,39,1,2
DA:377,2
BRDA:377,40,0,-
BRDA:377,40,1,2
DA:379,2
BRDA:379,41,0,2
DA:380,2
BRDA:380,42,0,-
BRDA:380,42,1,2
DA:382,2
DA:383,0
DA:384,0
DA:387,2
DA:388,0
DA:389,0
DA:393,2
DA:395,2
DA:396,2
DA:397,2
DA:399,2
DA:406,6
FN:406,CrediFiProtocol.removeSupportedAsset
FNDA:6,CrediFiProtocol.removeSupportedAsset
DA:407,5
BRDA:407,43,0,1
BRDA:407,43,1,4
DA:408,4
BRDA:408,44,0,1
BRDA:408,44,1,3
DA:409,3
BRDA:409,45,0,1
BRDA:409,45,1,2
DA:410,2
BRDA:410,46,0,1
BRDA:410,46,1,1
DA:411,1
BRDA:411,47,0,-
BRDA:411,47,1,1
DA:412,1
BRDA:412,48,0,-
BRDA:412,48,1,1
DA:414,1
DA:415,1
DA:416,1
DA:418,1
DA:426,4
FN:426,CrediFiProtocol.updateBorrowLimit
FNDA:4,CrediFiProtocol.updateBorrowLimit
DA:427,3
BRDA:427,49,0,1
BRDA:427,49,1,2
DA:428,2
BRDA:428,50,0,1
BRDA:428,50,1,1
DA:430,1
DA:432,1
DA:435,2
FN:435,CrediFiProtocol.setBorrowLimit
FNDA:2,CrediFiProtocol.setBorrowLimit
DA:436,1
DA:437,1
DA:440,2
FN:440,CrediFiProtocol.setGlobalBorrowLimit
FNDA:2,CrediFiProtocol.setGlobalBorrowLimit
DA:441,1
DA:444,3
FN:444,CrediFiProtocol.withdrawProtocolFees
FNDA:3,CrediFiProtocol.withdrawProtocolFees
DA:445,2
DA:446,2
BRDA:446,51,0,1
BRDA:446,51,1,1
DA:448,1
DA:450,1
BRDA:450,52,0,1
BRDA:450,52,1,-
DA:451,1
DA:453,0
DA:457,4
FN:457,CrediFiProtocol.pause
FNDA:4,CrediFiProtocol.pause
DA:458,3
DA:461,2
FN:461,CrediFiProtocol.unpause
FNDA:2,CrediFiProtocol.unpause
DA:462,1
DA:469,2
FN:469,CrediFiProtocol.getCollateralRatio
FNDA:2,CrediFiProtocol.getCollateralRatio
DA:470,49
DA:472,49
DA:473,49
DA:474,49
DA:475,49
DA:477,1
DA:480,2
FN:480,CrediFiProtocol.getBorrowInterestRate
FNDA:2,CrediFiProtocol.getBorrowInterestRate
DA:481,46
DA:482,46
DA:484,46
DA:491,49
FN:491,CrediFiProtocol._ensureCreditProfile
FNDA:49,CrediFiProtocol._ensureCreditProfile
DA:492,49
BRDA:492,57,0,32
DA:493,32
DA:504,32
DA:508,31
FN:508,CrediFiProtocol._distributeInterest
FNDA:31,CrediFiProtocol._distributeInterest
DA:509,31
DA:511,31
DA:512,31
DA:514,31
DA:516,31
DA:518,31
BRDA:518,59,0,28
BRDA:518,59,1,-
DA:519,28
DA:520,3
BRDA:520,60,0,3
BRDA:520,60,1,-
DA:521,3
DA:522,0
BRDA:522,61,0,-
DA:523,0
DA:526,31
DA:529,29
FN:529,CrediFiProtocol._updateCreditScore
FNDA:29,CrediFiProtocol._updateCreditScore
DA:530,29
DA:531,29
DA:532,29
DA:534,29
BRDA:534,62,0,4
BRDA:534,62,1,2
DA:535,4
DA:537,4
BRDA:537,63,0,4
DA:539,4
DA:541,23
BRDA:541,64,0,23
BRDA:541,64,1,2
DA:542,23
DA:543,23
BRDA:543,65,0,-
DA:544,23
BRDA:544,66,0,-
DA:546,23
DA:548,2
DA:549,2
BRDA:549,67,0,-
DA:551,2
DA:554,29
DA:556,29
BRDA:556,68,0,29
DA:557,29
DA:565,3
FN:565,CrediFiProtocol.getAvailableLiquidity
FNDA:3,CrediFiProtocol.getAvailableLiquidity
DA:566,51
DA:569,8
FN:569,CrediFiProtocol.getBorrowPositions
FNDA:8,CrediFiProtocol.getBorrowPositions
DA:570,8
DA:573,1
FN:573,CrediFiProtocol.getActiveBorrowPositions
FNDA:1,CrediFiProtocol.getActiveBorrowPositions
DA:574,1
DA:575,1
DA:576,1
BRDA:576,69,0,1
DA:579,1
DA:580,1
DA:581,1
DA:582,1
BRDA:582,70,0,1
DA:583,1
DA:584,1
DA:588,1
DA:591,7
FN:591,CrediFiProtocol.getCreditProfile
FNDA:7,CrediFiProtocol.getCreditProfile
DA:592,7
DA:595,3
FN:595,CrediFiProtocol.canBorrow
FNDA:3,CrediFiProtocol.canBorrow
DA:596,3
DA:597,1
DA:600,3
FN:600,CrediFiProtocol.getUtilizationRate
FNDA:3,CrediFiProtocol.getUtilizationRate
DA:601,3
DA:602,2
DA:605,33
FN:605,CrediFiProtocol.getPositionDebt
FNDA:33,CrediFiProtocol.getPositionDebt
DA:613,33
BRDA:613,72,0,1
BRDA:613,72,1,32
DA:615,32
DA:617,32
BRDA:617,73,0,1
DA:618,1
DA:621,31
DA:622,31
DA:623,31
DA:624,31
FNF:28
FNH:28
LF:254
LH:243
BRF:121
BRH:101
end_of_record
TN:
SF:src/SaToken.sol
DA:38,245
FN:38,SaToken.onlyLendingProtocol
FNDA:245,SaToken.onlyLendingProtocol
DA:39,245
BRDA:39,0,0,1
BRDA:39,0,1,36
DA:47,241
FN:47,SaToken.constructor
FNDA:241,SaToken.constructor
DA:56,241
DA:57,241
DA:67,26
FN:67,SaToken.balanceOf
FNDA:26,SaToken.balanceOf
DA:68,26
DA:69,24
DA:75,3
FN:75,SaToken.totalSupply
FNDA:3,SaToken.totalSupply
DA:76,3
DA:82,7
FN:82,SaToken.sharesOf
FNDA:7,SaToken.sharesOf
DA:83,7
DA:89,245
FN:89,SaToken.mint
FNDA:245,SaToken.mint
DA:90,244
BRDA:90,2,0,1
BRDA:90,2,1,243
DA:91,243
BRDA:91,3,0,1
BRDA:91,3,1,242
DA:94,242
DA:97,242
DA:98,242
DA:99,242
DA:101,242
DA:102,242
DA:104,0
DA:110,11
FN:110,SaToken.burn
FNDA:11,SaToken.burn
DA:111,10
BRDA:111,4,0,1
BRDA:111,4,1,9
DA:112,9
BRDA:112,5,0,1
BRDA:112,5,1,8
DA:113,8
BRDA:113,6,0,2
BRDA:113,6,1,6
DA:116,6
DA:119,6
DA:120,6
DA:121,6
DA:123,6
DA:124,6
DA:126,0
DA:132,37
FN:132,SaToken.rebase
FNDA:37,SaToken.rebase
DA:133,36
BRDA:133,7,0,1
BRDA:133,7,1,35
DA:134,35
DA:135,35
DA:141,5
FN:141,SaToken.transfer
FNDA:5,SaToken.transfer
DA:142,5
DA:143,3
DA:149,2
FN:149,SaToken.transferFrom
FNDA:2,SaToken.transferFrom
DA:150,2
DA:151,1
DA:152,1
DA:158,6
FN:158,SaToken._transferShares
FNDA:6,SaToken._transferShares
DA:159,6
BRDA:159,8,0,-
BRDA:159,8,1,6
DA:160,6
BRDA:160,9,0,1
BRDA:160,9,1,5
DA:163,5
DA:164,5
BRDA:164,10,0,1
BRDA:164,10,1,4
DA:167,4
DA:168,4
DA:170,4
FNF:11
FNH:11
LF:52
LH:50
BRF:20
BRH:19
end_of_record
TN:
SF:test/CrediFiProtocol.t.sol
DA:11,71
FN:11,MockUSDC.constructor
FNDA:71,MockUSDC.constructor
DA:12,71
DA:17,69
FN:17,MockMATIC.constructor
FNDA:69,MockMATIC.constructor
DA:18,69
FNF:2
FNH:2
LF:4
LH:4
BRF:0
BRH:0
end_of_record
TN:
SF:test/SaToken.t.sol
DA:9,29
FN:9,MockERC20.constructor
FNDA:29,MockERC20.constructor
DA:10,29
FNF:1
FNH:1
LF:2
LH:2
BRF:0
BRH:0
end_of_record
